This is pdfTeX, Version 3.141592653-2.6-1.40.24 (MiKTeX 22.8.28) (preloaded format=pdflatex 2022.10.13)  13 OCT 2022 15:04
entering extended mode
 restricted \write18 enabled.
 file:line:error style messages enabled.
 %&-line parsing enabled.
**g:/DESK/-/codigoCosas/InfraestrucCosos/Template-UNAB/content/main.tex
(g:/DESK/-/codigoCosas/InfraestrucCosos/Template-UNAB/content/main.tex
LaTeX2e <2022-06-01> patch level 5
L3 programming layer <2022-09-28> (C:\Program Files\MiKTeX\tex/latex/base\report.cls
Document Class: report 2021/10/04 v1.4n Standard LaTeX document class
(C:\Program Files\MiKTeX\tex/latex/base\size10.clo
File: size10.clo 2021/10/04 v1.4n Standard LaTeX file (size option)
)
\c@part=\count185
\c@chapter=\count186
\c@section=\count187
\c@subsection=\count188
\c@subsubsection=\count189
\c@paragraph=\count190
\c@subparagraph=\count191
\c@figure=\count192
\c@table=\count193
\abovecaptionskip=\skip47
\belowcaptionskip=\skip48
\bibindent=\dimen138
)

! LaTeX Error: File `format/packages.tex' not found.

Type X to quit or <RETURN> to proceed,
or enter new name. (Default extension: tex)

Enter file name: 
g:/DESK/-/codigoCosas/InfraestrucCosos/Template-UNAB/content/main.tex:2: Emergency stop.
<read *> 
         
l.2 \input{format/packages.tex}
                               ^^M
*** (cannot \read from terminal in nonstop modes)

 
Here is how much of TeX's memory you used:
 253 strings out of 475385
 3399 string characters out of 2786721
 343000 words of memory out of 3000000
 21722 multiletter control sequences out of 15000+600000
 469259 words of font info for 28 fonts, out of 8000000 for 9000
 1141 hyphenation exceptions out of 8191
 34i,0n,38p,211b,36s stack positions out of 10000i,1000n,20000p,200000b,80000s
g:/DESK/-/codigoCosas/InfraestrucCosos/Template-UNAB/content/main.tex:2:  ==> Fatal error occurred, no output PDF file produced!
